00:19:18.326 INFO  org.springframework.boot.context.embedded.AnnotationConfigEmbeddedWebApplicationContext - Closing org.springframework.boot.context.embedded.AnnotationConfigEmbeddedWebApplicationContext@3d6c4b00: startup date [Thu Mar 03 23:02:10 MSK 2016]; root of context hierarchy
00:19:18.484 INFO  org.springframework.jmx.export.annotation.AnnotationMBeanExporter - Unregistering JMX-exposed beans on shutdown
00:19:18.484 INFO  org.springframework.jmx.export.annotation.AnnotationMBeanExporter - Unregistering JMX-exposed beans
00:19:18.485 WARN  org.apache.commons.dbcp2.BasicDataSource - Failed to unregister the JMX name: org.apache.commons.dbcp2:name=dataSource,type=BasicDataSource
javax.management.InstanceNotFoundException: org.apache.commons.dbcp2:name=dataSource,type=BasicDataSource
	at com.sun.jmx.interceptor.DefaultMBeanServerInterceptor.getMBean(DefaultMBeanServerInterceptor.java:1095) ~[na:1.8.0_74]
	at com.sun.jmx.interceptor.DefaultMBeanServerInterceptor.exclusiveUnregisterMBean(DefaultMBeanServerInterceptor.java:427) ~[na:1.8.0_74]
	at com.sun.jmx.interceptor.DefaultMBeanServerInterceptor.unregisterMBean(DefaultMBeanServerInterceptor.java:415) ~[na:1.8.0_74]
	at com.sun.jmx.mbeanserver.JmxMBeanServer.unregisterMBean(JmxMBeanServer.java:546) ~[na:1.8.0_74]
	at org.apache.commons.dbcp2.BasicDataSource.close(BasicDataSource.java:1917) ~[commons-dbcp2-2.1.1.jar:2.1.1]
	at sun.reflect.NativeMethodAccessorImpl.invoke0(Native Method) ~[na:1.8.0_74]
	at sun.reflect.NativeMethodAccessorImpl.invoke(NativeMethodAccessorImpl.java:62) ~[na:1.8.0_74]
	at sun.reflect.DelegatingMethodAccessorImpl.invoke(DelegatingMethodAccessorImpl.java:43) ~[na:1.8.0_74]
	at java.lang.reflect.Method.invoke(Method.java:498) ~[na:1.8.0_74]
	at org.springframework.beans.factory.support.DisposableBeanAdapter.invokeCustomDestroyMethod(DisposableBeanAdapter.java:354) [spring-beans-4.2.4.RELEASE.jar:4.2.4.RELEASE]
	at org.springframework.beans.factory.support.DisposableBeanAdapter.destroy(DisposableBeanAdapter.java:277) [spring-beans-4.2.4.RELEASE.jar:4.2.4.RELEASE]
	at org.springframework.beans.factory.support.DefaultSingletonBeanRegistry.destroyBean(DefaultSingletonBeanRegistry.java:578) [spring-beans-4.2.4.RELEASE.jar:4.2.4.RELEASE]
	at org.springframework.beans.factory.support.DefaultSingletonBeanRegistry.destroySingleton(DefaultSingletonBeanRegistry.java:554) [spring-beans-4.2.4.RELEASE.jar:4.2.4.RELEASE]
	at org.springframework.beans.factory.support.DefaultListableBeanFactory.destroySingleton(DefaultListableBeanFactory.java:972) [spring-beans-4.2.4.RELEASE.jar:4.2.4.RELEASE]
	at org.springframework.beans.factory.support.DefaultSingletonBeanRegistry.destroySingletons(DefaultSingletonBeanRegistry.java:523) [spring-beans-4.2.4.RELEASE.jar:4.2.4.RELEASE]
	at org.springframework.beans.factory.support.DefaultListableBeanFactory.destroySingletons(DefaultListableBeanFactory.java:979) [spring-beans-4.2.4.RELEASE.jar:4.2.4.RELEASE]
	at org.springframework.context.support.AbstractApplicationContext.destroyBeans(AbstractApplicationContext.java:1006) [spring-context-4.2.4.RELEASE.jar:4.2.4.RELEASE]
	at org.springframework.context.support.AbstractApplicationContext.doClose(AbstractApplicationContext.java:982) [spring-context-4.2.4.RELEASE.jar:4.2.4.RELEASE]
	at org.springframework.context.support.AbstractApplicationContext$1.run(AbstractApplicationContext.java:901) [spring-context-4.2.4.RELEASE.jar:4.2.4.RELEASE]
